terra 1.7.71
Loading required package: sp

Attaching package: ‘dplyr’

The following objects are masked from ‘package:raster’:

    intersect, select, union

The following objects are masked from ‘package:terra’:

    intersect, union

The following objects are masked from ‘package:stats’:

    filter, lag

The following objects are masked from ‘package:base’:

    intersect, setdiff, setequal, union

Loading required package: iterators
Loading required package: parallel
The following grid cell sizes will be tested:
54000 | 64363.64 | 74727.27 | 85090.91 | 95454.55 | 105818.18 | 116181.82 | 126545.45 | 136909.09 | 147272.73 | 157636.36 | 168000 | 178363.64 | 188727.27 | 199090.91 | 209454.55 | 219818.18 | 230181.82 | 240545.45 | 250909.09 | 261272.73 | 271636.36 | 282000 | 292363.64 | 302727.27 | 313090.91 | 323454.55 | 333818.18 | 344181.82 | 354545.45 | 364909.09 | 375272.73 | 385636.36 | 396000 | 406363.64 | 416727.27 | 427090.91 | 437454.55 | 447818.18 | 458181.82 | 468545.45 | 478909.09 | 489272.73 | 499636.36 | 510000 | 520363.64 | 530727.27 | 541090.91 | 551454.55 | 561818.18 | 572181.82 | 582545.45 | 592909.09 | 603272.73 | 613636.36 | 624000 | 634363.64 | 644727.27 | 655090.91 | 665454.55 | 675818.18 | 686181.82 | 696545.45 | 706909.09 | 717272.73 | 727636.36 | 738000 | 748363.64 | 758727.27 | 769090.91 | 779454.55 | 789818.18 | 800181.82 | 810545.45 | 820909.09 | 831272.73 | 841636.36 | 852000 | 862363.64 | 872727.27 | 883090.91 | 893454.55 | 903818.18 | 914181.82 | 924545.45 | 934909.09 | 945272.73 | 955636.36 | 966000 | 976363.64 | 986727.27 | 997090.91 | 1007454.55 | 1017818.18 | 1028181.82 | 1038545.45 | 1048909.09 | 1059272.73 | 1069636.36 | 1080000

Creating basic raster mask...

The following grid cell sizes will be tested:
54000 | 64363.64 | 74727.27 | 85090.91 | 95454.55 | 105818.18 | 116181.82 | 126545.45 | 136909.09 | 147272.73 | 157636.36 | 168000 | 178363.64 | 188727.27 | 199090.91 | 209454.55 | 219818.18 | 230181.82 | 240545.45 | 250909.09 | 261272.73 | 271636.36 | 282000 | 292363.64 | 302727.27 | 313090.91 | 323454.55 | 333818.18 | 344181.82 | 354545.45 | 364909.09 | 375272.73 | 385636.36 | 396000 | 406363.64 | 416727.27 | 427090.91 | 437454.55 | 447818.18 | 458181.82 | 468545.45 | 478909.09 | 489272.73 | 499636.36 | 510000 | 520363.64 | 530727.27 | 541090.91 | 551454.55 | 561818.18 | 572181.82 | 582545.45 | 592909.09 | 603272.73 | 613636.36 | 624000 | 634363.64 | 644727.27 | 655090.91 | 665454.55 | 675818.18 | 686181.82 | 696545.45 | 706909.09 | 717272.73 | 727636.36 | 738000 | 748363.64 | 758727.27 | 769090.91 | 779454.55 | 789818.18 | 800181.82 | 810545.45 | 820909.09 | 831272.73 | 841636.36 | 852000 | 862363.64 | 872727.27 | 883090.91 | 893454.55 | 903818.18 | 914181.82 | 924545.45 | 934909.09 | 945272.73 | 955636.36 | 966000 | 976363.64 | 986727.27 | 997090.91 | 1007454.55 | 1017818.18 | 1028181.82 | 1038545.45 | 1048909.09 | 1059272.73 | 1069636.36 | 1080000

Creating basic raster mask...

The following grid cell sizes will be tested:
54000 | 64363.64 | 74727.27 | 85090.91 | 95454.55 | 105818.18 | 116181.82 | 126545.45 | 136909.09 | 147272.73 | 157636.36 | 168000 | 178363.64 | 188727.27 | 199090.91 | 209454.55 | 219818.18 | 230181.82 | 240545.45 | 250909.09 | 261272.73 | 271636.36 | 282000 | 292363.64 | 302727.27 | 313090.91 | 323454.55 | 333818.18 | 344181.82 | 354545.45 | 364909.09 | 375272.73 | 385636.36 | 396000 | 406363.64 | 416727.27 | 427090.91 | 437454.55 | 447818.18 | 458181.82 | 468545.45 | 478909.09 | 489272.73 | 499636.36 | 510000 | 520363.64 | 530727.27 | 541090.91 | 551454.55 | 561818.18 | 572181.82 | 582545.45 | 592909.09 | 603272.73 | 613636.36 | 624000 | 634363.64 | 644727.27 | 655090.91 | 665454.55 | 675818.18 | 686181.82 | 696545.45 | 706909.09 | 717272.73 | 727636.36 | 738000 | 748363.64 | 758727.27 | 769090.91 | 779454.55 | 789818.18 | 800181.82 | 810545.45 | 820909.09 | 831272.73 | 841636.36 | 852000 | 862363.64 | 872727.27 | 883090.91 | 893454.55 | 903818.18 | 914181.82 | 924545.45 | 934909.09 | 945272.73 | 955636.36 | 966000 | 976363.64 | 986727.27 | 997090.91 | 1007454.55 | 1017818.18 | 1028181.82 | 1038545.45 | 1048909.09 | 1059272.73 | 1069636.36 | 1080000

Creating basic raster mask...

The following grid cell sizes will be tested:
54000 | 64363.64 | 74727.27 | 85090.91 | 95454.55 | 105818.18 | 116181.82 | 126545.45 | 136909.09 | 147272.73 | 157636.36 | 168000 | 178363.64 | 188727.27 | 199090.91 | 209454.55 | 219818.18 | 230181.82 | 240545.45 | 250909.09 | 261272.73 | 271636.36 | 282000 | 292363.64 | 302727.27 | 313090.91 | 323454.55 | 333818.18 | 344181.82 | 354545.45 | 364909.09 | 375272.73 | 385636.36 | 396000 | 406363.64 | 416727.27 | 427090.91 | 437454.55 | 447818.18 | 458181.82 | 468545.45 | 478909.09 | 489272.73 | 499636.36 | 510000 | 520363.64 | 530727.27 | 541090.91 | 551454.55 | 561818.18 | 572181.82 | 582545.45 | 592909.09 | 603272.73 | 613636.36 | 624000 | 634363.64 | 644727.27 | 655090.91 | 665454.55 | 675818.18 | 686181.82 | 696545.45 | 706909.09 | 717272.73 | 727636.36 | 738000 | 748363.64 | 758727.27 | 769090.91 | 779454.55 | 789818.18 | 800181.82 | 810545.45 | 820909.09 | 831272.73 | 841636.36 | 852000 | 862363.64 | 872727.27 | 883090.91 | 893454.55 | 903818.18 | 914181.82 | 924545.45 | 934909.09 | 945272.73 | 955636.36 | 966000 | 976363.64 | 986727.27 | 997090.91 | 1007454.55 | 1017818.18 | 1028181.82 | 1038545.45 | 1048909.09 | 1059272.73 | 1069636.36 | 1080000

Creating basic raster mask...

The following grid cell sizes will be tested:
54000 | 64363.64 | 74727.27 | 85090.91 | 95454.55 | 105818.18 | 116181.82 | 126545.45 | 136909.09 | 147272.73 | 157636.36 | 168000 | 178363.64 | 188727.27 | 199090.91 | 209454.55 | 219818.18 | 230181.82 | 240545.45 | 250909.09 | 261272.73 | 271636.36 | 282000 | 292363.64 | 302727.27 | 313090.91 | 323454.55 | 333818.18 | 344181.82 | 354545.45 | 364909.09 | 375272.73 | 385636.36 | 396000 | 406363.64 | 416727.27 | 427090.91 | 437454.55 | 447818.18 | 458181.82 | 468545.45 | 478909.09 | 489272.73 | 499636.36 | 510000 | 520363.64 | 530727.27 | 541090.91 | 551454.55 | 561818.18 | 572181.82 | 582545.45 | 592909.09 | 603272.73 | 613636.36 | 624000 | 634363.64 | 644727.27 | 655090.91 | 665454.55 | 675818.18 | 686181.82 | 696545.45 | 706909.09 | 717272.73 | 727636.36 | 738000 | 748363.64 | 758727.27 | 769090.91 | 779454.55 | 789818.18 | 800181.82 | 810545.45 | 820909.09 | 831272.73 | 841636.36 | 852000 | 862363.64 | 872727.27 | 883090.91 | 893454.55 | 903818.18 | 914181.82 | 924545.45 | 934909.09 | 945272.73 | 955636.36 | 966000 | 976363.64 | 986727.27 | 997090.91 | 1007454.55 | 1017818.18 | 1028181.82 | 1038545.45 | 1048909.09 | 1059272.73 | 1069636.36 | 1080000

Creating basic raster mask...

Searching for the optimal grid size...

Searching for the optimal grid size...

Searching for the optimal grid size...

Searching for the optimal grid size...

Searching for the optimal grid size...

1 has failed. See month directory for more details.
The following grid cell sizes will be tested:
54000 | 64363.64 | 74727.27 | 85090.91 | 95454.55 | 105818.18 | 116181.82 | 126545.45 | 136909.09 | 147272.73 | 157636.36 | 168000 | 178363.64 | 188727.27 | 199090.91 | 209454.55 | 219818.18 | 230181.82 | 240545.45 | 250909.09 | 261272.73 | 271636.36 | 282000 | 292363.64 | 302727.27 | 313090.91 | 323454.55 | 333818.18 | 344181.82 | 354545.45 | 364909.09 | 375272.73 | 385636.36 | 396000 | 406363.64 | 416727.27 | 427090.91 | 437454.55 | 447818.18 | 458181.82 | 468545.45 | 478909.09 | 489272.73 | 499636.36 | 510000 | 520363.64 | 530727.27 | 541090.91 | 551454.55 | 561818.18 | 572181.82 | 582545.45 | 592909.09 | 603272.73 | 613636.36 | 624000 | 634363.64 | 644727.27 | 655090.91 | 665454.55 | 675818.18 | 686181.82 | 696545.45 | 706909.09 | 717272.73 | 727636.36 | 738000 | 748363.64 | 758727.27 | 769090.91 | 779454.55 | 789818.18 | 800181.82 | 810545.45 | 820909.09 | 831272.73 | 841636.36 | 852000 | 862363.64 | 872727.27 | 883090.91 | 893454.55 | 903818.18 | 914181.82 | 924545.45 | 934909.09 | 945272.73 | 955636.36 | 966000 | 976363.64 | 986727.27 | 997090.91 | 1007454.55 | 1017818.18 | 1028181.82 | 1038545.45 | 1048909.09 | 1059272.73 | 1069636.36 | 1080000

Creating basic raster mask...

2 has failed. See month directory for more details.
Joining with `by = join_by(x, y)`
Searching for the optimal grid size...

12 has failed. See month directory for more details.
The following grid cell sizes will be tested:
54000 | 64363.64 | 74727.27 | 85090.91 | 95454.55 | 105818.18 | 116181.82 | 126545.45 | 136909.09 | 147272.73 | 157636.36 | 168000 | 178363.64 | 188727.27 | 199090.91 | 209454.55 | 219818.18 | 230181.82 | 240545.45 | 250909.09 | 261272.73 | 271636.36 | 282000 | 292363.64 | 302727.27 | 313090.91 | 323454.55 | 333818.18 | 344181.82 | 354545.45 | 364909.09 | 375272.73 | 385636.36 | 396000 | 406363.64 | 416727.27 | 427090.91 | 437454.55 | 447818.18 | 458181.82 | 468545.45 | 478909.09 | 489272.73 | 499636.36 | 510000 | 520363.64 | 530727.27 | 541090.91 | 551454.55 | 561818.18 | 572181.82 | 582545.45 | 592909.09 | 603272.73 | 613636.36 | 624000 | 634363.64 | 644727.27 | 655090.91 | 665454.55 | 675818.18 | 686181.82 | 696545.45 | 706909.09 | 717272.73 | 727636.36 | 738000 | 748363.64 | 758727.27 | 769090.91 | 779454.55 | 789818.18 | 800181.82 | 810545.45 | 820909.09 | 831272.73 | 841636.36 | 852000 | 862363.64 | 872727.27 | 883090.91 | 893454.55 | 903818.18 | 914181.82 | 924545.45 | 934909.09 | 945272.73 | 955636.36 | 966000 | 976363.64 | 986727.27 | 997090.91 | 1007454.55 | 1017818.18 | 1028181.82 | 1038545.45 | 1048909.09 | 1059272.73 | 1069636.36 | 1080000

Creating basic raster mask...

Joining with `by = join_by(x, y)`
Searching for the optimal grid size...

Joining with `by = join_by(x, y)`
Extents do not match, raster layers used were croped to minimum extent
Joining with `by = join_by(x, y)`
Extents do not match, raster layers used were croped to minimum extent
The following grid cell sizes will be tested:
54000 | 64363.64 | 74727.27 | 85090.91 | 95454.55 | 105818.18 | 116181.82 | 126545.45 | 136909.09 | 147272.73 | 157636.36 | 168000 | 178363.64 | 188727.27 | 199090.91 | 209454.55 | 219818.18 | 230181.82 | 240545.45 | 250909.09 | 261272.73 | 271636.36 | 282000 | 292363.64 | 302727.27 | 313090.91 | 323454.55 | 333818.18 | 344181.82 | 354545.45 | 364909.09 | 375272.73 | 385636.36 | 396000 | 406363.64 | 416727.27 | 427090.91 | 437454.55 | 447818.18 | 458181.82 | 468545.45 | 478909.09 | 489272.73 | 499636.36 | 510000 | 520363.64 | 530727.27 | 541090.91 | 551454.55 | 561818.18 | 572181.82 | 582545.45 | 592909.09 | 603272.73 | 613636.36 | 624000 | 634363.64 | 644727.27 | 655090.91 | 665454.55 | 675818.18 | 686181.82 | 696545.45 | 706909.09 | 717272.73 | 727636.36 | 738000 | 748363.64 | 758727.27 | 769090.91 | 779454.55 | 789818.18 | 800181.82 | 810545.45 | 820909.09 | 831272.73 | 841636.36 | 852000 | 862363.64 | 872727.27 | 883090.91 | 893454.55 | 903818.18 | 914181.82 | 924545.45 | 934909.09 | 945272.73 | 955636.36 | 966000 | 976363.64 | 986727.27 | 997090.91 | 1007454.55 | 1017818.18 | 1028181.82 | 1038545.45 | 1048909.09 | 1059272.73 | 1069636.36 | 1080000

Creating basic raster mask...

Searching for the optimal grid size...

Extents do not match, raster layers used were croped to minimum extent
Extents do not match, raster layers used were croped to minimum extent
Extents do not match, raster layers used were croped to minimum extent
The following grid cell sizes will be tested:
54000 | 64363.64 | 74727.27 | 85090.91 | 95454.55 | 105818.18 | 116181.82 | 126545.45 | 136909.09 | 147272.73 | 157636.36 | 168000 | 178363.64 | 188727.27 | 199090.91 | 209454.55 | 219818.18 | 230181.82 | 240545.45 | 250909.09 | 261272.73 | 271636.36 | 282000 | 292363.64 | 302727.27 | 313090.91 | 323454.55 | 333818.18 | 344181.82 | 354545.45 | 364909.09 | 375272.73 | 385636.36 | 396000 | 406363.64 | 416727.27 | 427090.91 | 437454.55 | 447818.18 | 458181.82 | 468545.45 | 478909.09 | 489272.73 | 499636.36 | 510000 | 520363.64 | 530727.27 | 541090.91 | 551454.55 | 561818.18 | 572181.82 | 582545.45 | 592909.09 | 603272.73 | 613636.36 | 624000 | 634363.64 | 644727.27 | 655090.91 | 665454.55 | 675818.18 | 686181.82 | 696545.45 | 706909.09 | 717272.73 | 727636.36 | 738000 | 748363.64 | 758727.27 | 769090.91 | 779454.55 | 789818.18 | 800181.82 | 810545.45 | 820909.09 | 831272.73 | 841636.36 | 852000 | 862363.64 | 872727.27 | 883090.91 | 893454.55 | 903818.18 | 914181.82 | 924545.45 | 934909.09 | 945272.73 | 955636.36 | 966000 | 976363.64 | 986727.27 | 997090.91 | 1007454.55 | 1017818.18 | 1028181.82 | 1038545.45 | 1048909.09 | 1059272.73 | 1069636.36 | 1080000

Creating basic raster mask...

Searching for the optimal grid size...

The following grid cell sizes will be tested:
54000 | 64363.64 | 74727.27 | 85090.91 | 95454.55 | 105818.18 | 116181.82 | 126545.45 | 136909.09 | 147272.73 | 157636.36 | 168000 | 178363.64 | 188727.27 | 199090.91 | 209454.55 | 219818.18 | 230181.82 | 240545.45 | 250909.09 | 261272.73 | 271636.36 | 282000 | 292363.64 | 302727.27 | 313090.91 | 323454.55 | 333818.18 | 344181.82 | 354545.45 | 364909.09 | 375272.73 | 385636.36 | 396000 | 406363.64 | 416727.27 | 427090.91 | 437454.55 | 447818.18 | 458181.82 | 468545.45 | 478909.09 | 489272.73 | 499636.36 | 510000 | 520363.64 | 530727.27 | 541090.91 | 551454.55 | 561818.18 | 572181.82 | 582545.45 | 592909.09 | 603272.73 | 613636.36 | 624000 | 634363.64 | 644727.27 | 655090.91 | 665454.55 | 675818.18 | 686181.82 | 696545.45 | 706909.09 | 717272.73 | 727636.36 | 738000 | 748363.64 | 758727.27 | 769090.91 | 779454.55 | 789818.18 | 800181.82 | 810545.45 | 820909.09 | 831272.73 | 841636.36 | 852000 | 862363.64 | 872727.27 | 883090.91 | 893454.55 | 903818.18 | 914181.82 | 924545.45 | 934909.09 | 945272.73 | 955636.36 | 966000 | 976363.64 | 986727.27 | 997090.91 | 1007454.55 | 1017818.18 | 1028181.82 | 1038545.45 | 1048909.09 | 1059272.73 | 1069636.36 | 1080000

Creating basic raster mask...

Searching for the optimal grid size...

Extents do not match, raster layers used were croped to minimum extent
Joining with `by = join_by(x, y)`
Extents do not match, raster layers used were croped to minimum extent
Extents do not match, raster layers used were croped to minimum extent
Extents do not match, raster layers used were croped to minimum extent
3 has finished.
3: -4.80119218031565
Extents do not match, raster layers used were croped to minimum extent
Extents do not match, raster layers used were croped to minimum extent
The following grid cell sizes will be tested:
54000 | 64363.64 | 74727.27 | 85090.91 | 95454.55 | 105818.18 | 116181.82 | 126545.45 | 136909.09 | 147272.73 | 157636.36 | 168000 | 178363.64 | 188727.27 | 199090.91 | 209454.55 | 219818.18 | 230181.82 | 240545.45 | 250909.09 | 261272.73 | 271636.36 | 282000 | 292363.64 | 302727.27 | 313090.91 | 323454.55 | 333818.18 | 344181.82 | 354545.45 | 364909.09 | 375272.73 | 385636.36 | 396000 | 406363.64 | 416727.27 | 427090.91 | 437454.55 | 447818.18 | 458181.82 | 468545.45 | 478909.09 | 489272.73 | 499636.36 | 510000 | 520363.64 | 530727.27 | 541090.91 | 551454.55 | 561818.18 | 572181.82 | 582545.45 | 592909.09 | 603272.73 | 613636.36 | 624000 | 634363.64 | 644727.27 | 655090.91 | 665454.55 | 675818.18 | 686181.82 | 696545.45 | 706909.09 | 717272.73 | 727636.36 | 738000 | 748363.64 | 758727.27 | 769090.91 | 779454.55 | 789818.18 | 800181.82 | 810545.45 | 820909.09 | 831272.73 | 841636.36 | 852000 | 862363.64 | 872727.27 | 883090.91 | 893454.55 | 903818.18 | 914181.82 | 924545.45 | 934909.09 | 945272.73 | 955636.36 | 966000 | 976363.64 | 986727.27 | 997090.91 | 1007454.55 | 1017818.18 | 1028181.82 | 1038545.45 | 1048909.09 | 1059272.73 | 1069636.36 | 1080000

Creating basic raster mask...

Searching for the optimal grid size...

The following grid cell sizes will be tested:
54000 | 64363.64 | 74727.27 | 85090.91 | 95454.55 | 105818.18 | 116181.82 | 126545.45 | 136909.09 | 147272.73 | 157636.36 | 168000 | 178363.64 | 188727.27 | 199090.91 | 209454.55 | 219818.18 | 230181.82 | 240545.45 | 250909.09 | 261272.73 | 271636.36 | 282000 | 292363.64 | 302727.27 | 313090.91 | 323454.55 | 333818.18 | 344181.82 | 354545.45 | 364909.09 | 375272.73 | 385636.36 | 396000 | 406363.64 | 416727.27 | 427090.91 | 437454.55 | 447818.18 | 458181.82 | 468545.45 | 478909.09 | 489272.73 | 499636.36 | 510000 | 520363.64 | 530727.27 | 541090.91 | 551454.55 | 561818.18 | 572181.82 | 582545.45 | 592909.09 | 603272.73 | 613636.36 | 624000 | 634363.64 | 644727.27 | 655090.91 | 665454.55 | 675818.18 | 686181.82 | 696545.45 | 706909.09 | 717272.73 | 727636.36 | 738000 | 748363.64 | 758727.27 | 769090.91 | 779454.55 | 789818.18 | 800181.82 | 810545.45 | 820909.09 | 831272.73 | 841636.36 | 852000 | 862363.64 | 872727.27 | 883090.91 | 893454.55 | 903818.18 | 914181.82 | 924545.45 | 934909.09 | 945272.73 | 955636.36 | 966000 | 976363.64 | 986727.27 | 997090.91 | 1007454.55 | 1017818.18 | 1028181.82 | 1038545.45 | 1048909.09 | 1059272.73 | 1069636.36 | 1080000

Creating basic raster mask...

Searching for the optimal grid size...

4 has finished.
4: -6.95518407821655
Joining with `by = join_by(x, y)`
Extents do not match, raster layers used were croped to minimum extent
Joining with `by = join_by(x, y)`
Extents do not match, raster layers used were croped to minimum extent
Extents do not match, raster layers used were croped to minimum extent
Extents do not match, raster layers used were croped to minimum extent
Extents do not match, raster layers used were croped to minimum extent
5 has finished.
5: -11.0412766933441
11 has finished.
11: -12.1568902373314
Extents do not match, raster layers used were croped to minimum extent
Extents do not match, raster layers used were croped to minimum extent
Extents do not match, raster layers used were croped to minimum extent
Joining with `by = join_by(x, y)`
Joining with `by = join_by(x, y)`
Extents do not match, raster layers used were croped to minimum extent
6 has finished.
6: -17.8549661517143
Extents do not match, raster layers used were croped to minimum extent
Extents do not match, raster layers used were croped to minimum extent
Extents do not match, raster layers used were croped to minimum extent
Extents do not match, raster layers used were croped to minimum extent
Extents do not match, raster layers used were croped to minimum extent
7 has finished.
7: -24.6126062552134
10 has finished.
10: -25.9614309946696
Extents do not match, raster layers used were croped to minimum extent
Extents do not match, raster layers used were croped to minimum extent
8 has finished.
8: -35.8166388630867
9 has finished.
9: -36.2269005656242
Error in { : task 1 failed - "missing value where TRUE/FALSE needed"
Calls: %dopar% -> <Anonymous>
Execution halted
