terra 1.7.71
Loading required package: sp

Attaching package: ‘dplyr’

The following objects are masked from ‘package:raster’:

    intersect, select, union

The following objects are masked from ‘package:terra’:

    intersect, union

The following objects are masked from ‘package:stats’:

    filter, lag

The following objects are masked from ‘package:base’:

    intersect, setdiff, setequal, union

Loading required package: iterators
Loading required package: parallel
The following grid cell sizes will be tested:
810 | 18540 | 36270 | 54000

Creating basic raster mask...

The following grid cell sizes will be tested:
810 | 18540 | 36270 | 54000

Creating basic raster mask...

The following grid cell sizes will be tested:
810 | 18540 | 36270 | 54000

Creating basic raster mask...

The following grid cell sizes will be tested:
810 | 18540 | 36270 | 54000

Creating basic raster mask...

The following grid cell sizes will be tested:
810 | 18540 | 36270 | 54000

Creating basic raster mask...

The following grid cell sizes will be tested:
810 | 18540 | 36270 | 54000

Creating basic raster mask...

The following grid cell sizes will be tested:
810 | 18540 | 36270 | 54000

Creating basic raster mask...

The following grid cell sizes will be tested:
810 | 18540 | 36270 | 54000

Creating basic raster mask...

Searching for the optimal grid size...

Searching for the optimal grid size...

Searching for the optimal grid size...

Searching for the optimal grid size...

Searching for the optimal grid size...

Searching for the optimal grid size...

Searching for the optimal grid size...

Searching for the optimal grid size...

3 has failed. See month directory for more details.
2 has failed. See month directory for more details.
The following grid cell sizes will be tested:
810 | 18540 | 36270 | 54000

Creating basic raster mask...

The following grid cell sizes will be tested:
810 | 18540 | 36270 | 54000

Creating basic raster mask...

Searching for the optimal grid size...

Searching for the optimal grid size...

slurmstepd: error: *** JOB 1409 ON forge CANCELLED AT 2024-03-08T18:45:46 ***
