/home/tjsipin
forge.eri.ucsb.edu
Tue Mar 12 09:47:20 AM PDT 2024
[1] "1: calibration"
[1] "1: occurrence partition"
[1] "2: calibration"
[1] "2: occurrence partition"
[1] "3: calibration"
[1] "4: calibration"
[1] "4: occurrence partition"
[1] "3: occurrence partition"
[1] "6: calibration"
[1] "5: calibration"
[1] "7: calibration"
[1] "8: calibration"
[1] "5: occurrence partition"
[1] "9: calibration"
[1][1] "6: occurrence partition" "10: calibration"

[1] "11: calibration"
[1] "12: calibration"
[1] "9: occurrence partition"
[1] "11: occurrence partition"
[1] "7: occurrence partition"
[1] "12: occurrence partition"
[1] "8: occurrence partition"
[1] "10: occurrence partition"
[1] "1: block_layer"
[1] "3: block_layer"
[1] "4: block_layer"
[1] "5: block_layer"
[1] "11: block_layer"
[1] "6: block_layer"
[1] "7: block_layer"
[1] "10: block_layer"
[1] "8: block_layer"
[1] "9: block_layer"
