/home/tjsipin
forge.eri.ucsb.edu
Wed Mar 13 03:32:38 PM PDT 2024
********************************************** 
 Beginning Spatial Thinning.
 Script Started at: Wed Mar 13 15:33:06 2024********************************************** 
 Beginning Spatial Thinning.
 Script Started at: Wed Mar 13 15:33:06 2024********************************************** 
 Beginning Spatial Thinning.
 Script Started at: Wed Mar 13 15:33:06 2024********************************************** 
 Beginning Spatial Thinning.
 Script Started at: Wed Mar 13 15:33:06 2024********************************************** 
 Beginning Spatial Thinning.
 Script Started at: Wed Mar 13 15:33:06 2024********************************************** 
 Beginning Spatial Thinning.
 Script Started at: Wed Mar 13 15:33:06 2024********************************************** 
 Beginning Spatial Thinning.
 Script Started at: Wed Mar 13 15:33:06 2024********************************************** 
 Beginning Spatial Thinning.
 Script Started at: Wed Mar 13 15:33:06 2024********************************************** 
 Beginning Spatial Thinning.
 Script Started at: Wed Mar 13 15:33:06 2024********************************************** 
 Beginning Spatial Thinning.
 Script Started at: Wed Mar 13 15:33:06 2024********************************************** 
 Beginning Spatial Thinning.
 Script Started at: Wed Mar 13 15:33:06 2024********************************************** 
 Beginning Spatial Thinning.
 Script Started at: Wed Mar 13 15:33:06 2024
lat.long.thin.count
48 
20 

lat.long.thin.count
39 
20 
[1] "Maximum number of records after thinning: 48"

lat.long.thin.count
50 
20 
[1] "Number of data.frames with max records: 20"
[1] "Maximum number of records after thinning: 39"
[1] "No files written for this run."
[1] "Maximum number of records after thinning: 50"
[1] "Number of data.frames with max records: 20"
[1] "Number of data.frames with max records: 20"
[1] "No files written for this run."
[1] "No files written for this run."
[1] "3: occurrence partition"
[1] "2: occurrence partition"
[1] "1: occurrence partition"

lat.long.thin.count
237 
 20 
[1] "Maximum number of records after thinning: 237"
[1] "Number of data.frames with max records: 20"
[1] "No files written for this run."

[1] "12: occurrence partition"
lat.long.thin.count
394 
 20 
[1] "Maximum number of records after thinning: 394"
[1] "Number of data.frames with max records: 20"
[1] "No files written for this run."
[1] "4: occurrence partition"

lat.long.thin.count
1045 
  20 
[1] "Maximum number of records after thinning: 1045"
[1] "Number of data.frames with max records: 20"
[1] "No files written for this run."
[1] "5: occurrence partition"

lat.long.thin.count
1092 
  20 
[1] "4: calibration"
[1] "4: block_layer"
[1] "Maximum number of records after thinning: 1092"
[1] "Number of data.frames with max records: 20"
[1] "No files written for this run."
[1] "11: occurrence partition"
[1] "5: calibration"
[1] "5: block_layer"
[1] "11: calibration"
[1] "11: block_layer"

lat.long.thin.count
2082 2083 2084 
   2    6   12 
[1] "Maximum number of records after thinning: 2084"
[1] "Number of data.frames with max records: 12"
[1] "No files written for this run."
[1] "6: occurrence partition"

lat.long.thin.count
2965 2966 2967 
   6   10    4 
[1] "Maximum number of records after thinning: 2967"
[1] "Number of data.frames with max records: 4"
[1] "No files written for this run."
[1] "7: occurrence partition"

lat.long.thin.count
3407 3408 3409 3410 
   1    5   10    4 
[1] "Maximum number of records after thinning: 3410"
[1] "Number of data.frames with max records: 4"
[1] "No files written for this run."
[1] "10: occurrence partition"
[1] "6: calibration"
[1] "6: block_layer"

lat.long.thin.count
3905 3907 3908 3909 3911 
   1    2    7    5    5 
[1] "Maximum number of records after thinning: 3911"
[1] "Number of data.frames with max records: 5"
[1] "No files written for this run."
[1] "8: occurrence partition"

lat.long.thin.count
4119 4120 4121 4122 4123 
   1    3    3    2   11 
[1] "Maximum number of records after thinning: 4123"
[1] "Number of data.frames with max records: 11"
[1] "No files written for this run."
[1] "9: occurrence partition"
[1] "10: calibration"
[1] "10: block_layer"
[1] "7: calibration"
[1] "7: block_layer"
[1] "8: calibration"
[1] "8: block_layer"
[1] "9: calibration"
[1] "9: block_layer"
