/home/tjsipin/Dengue_CA
forge.eri.ucsb.edu
Fri Mar 15 10:29:01 PM PDT 2024
[1] 1
[1][1] 3
 2
[1][1][1] 4
 6
 5
[1][1] 7
 8
[1] 9
********************************************** 
 Beginning Spatial Thinning.
 Script Started at: Fri Mar 15 22:29:27 2024********************************************** 
 Beginning Spatial Thinning.
 Script Started at: Fri Mar 15 22:29:27 2024********************************************** 
 Beginning Spatial Thinning.
 Script Started at: Fri Mar 15 22:29:27 2024********************************************** 
 Beginning Spatial Thinning.
 Script Started at: Fri Mar 15 22:29:27 2024********************************************** 
 Beginning Spatial Thinning.
 Script Started at: Fri Mar 15 22:29:27 2024********************************************** 
 Beginning Spatial Thinning.
 Script Started at: Fri Mar 15 22:29:27 2024********************************************** 
 Beginning Spatial Thinning.
 Script Started at: Fri Mar 15 22:29:27 2024********************************************** 
 Beginning Spatial Thinning.
 Script Started at: Fri Mar 15 22:29:27 2024********************************************** 
 Beginning Spatial Thinning.
 Script Started at: Fri Mar 15 22:29:27 2024
lat.long.thin.count
64 
20 
[1] "Maximum number of records after thinning: 64"
[1] "Number of data.frames with max records: 20"
[1] "No files written for this run."

lat.long.thin.count
444 
 20 
[1] "Maximum number of records after thinning: 444"
[1] "Number of data.frames with max records: 20"
[1] "No files written for this run."

lat.long.thin.count
1229 
  20 
[1] "Maximum number of records after thinning: 1229"
[1] "Number of data.frames with max records: 20"
[1] "No files written for this run."

lat.long.thin.count
1352 
  20 
[1] "Maximum number of records after thinning: 1352"
[1] "Number of data.frames with max records: 20"
[1] "No files written for this run."
