terra 1.7.71
Loading required package: sp

Attaching package: ‘dplyr’

The following objects are masked from ‘package:raster’:

    intersect, select, union

The following objects are masked from ‘package:terra’:

    intersect, union

The following objects are masked from ‘package:stats’:

    filter, lag

The following objects are masked from ‘package:base’:

    intersect, setdiff, setequal, union

Loading required package: iterators
Loading required package: parallel
The following grid cell sizes will be tested:
0.54 | 0.64 | 0.74 | 0.85 | 0.95 | 1.05 | 1.16 | 1.26 | 1.36 | 1.47 | 1.57 | 1.67 | 1.78 | 1.88 | 1.98 | 2.09 | 2.19 | 2.29 | 2.4 | 2.5 | 2.6 | 2.71 | 2.81 | 2.91 | 3.02 | 3.12 | 3.22 | 3.32 | 3.43 | 3.53 | 3.63 | 3.74 | 3.84 | 3.94 | 4.05 | 4.15 | 4.25 | 4.36 | 4.46 | 4.56 | 4.67 | 4.77 | 4.87 | 4.98 | 5.08 | 5.18 | 5.29 | 5.39 | 5.49 | 5.6 | 5.7 | 5.8 | 5.91 | 6.01 | 6.11 | 6.21 | 6.32 | 6.42 | 6.52 | 6.63 | 6.73 | 6.83 | 6.94 | 7.04 | 7.14 | 7.25 | 7.35 | 7.45 | 7.56 | 7.66 | 7.76 | 7.87 | 7.97 | 8.07 | 8.18 | 8.28 | 8.38 | 8.49 | 8.59 | 8.69 | 8.8 | 8.9 | 9 | 9.11 | 9.21 | 9.31 | 9.41 | 9.52 | 9.62 | 9.72 | 9.83 | 9.93 | 10.03 | 10.14 | 10.24 | 10.34 | 10.45 | 10.55 | 10.65 | 10.76

Creating basic raster mask...

The following grid cell sizes will be tested:
0.54 | 0.64 | 0.74 | 0.85 | 0.95 | 1.05 | 1.16 | 1.26 | 1.36 | 1.47 | 1.57 | 1.67 | 1.78 | 1.88 | 1.98 | 2.09 | 2.19 | 2.29 | 2.4 | 2.5 | 2.6 | 2.71 | 2.81 | 2.91 | 3.02 | 3.12 | 3.22 | 3.32 | 3.43 | 3.53 | 3.63 | 3.74 | 3.84 | 3.94 | 4.05 | 4.15 | 4.25 | 4.36 | 4.46 | 4.56 | 4.67 | 4.77 | 4.87 | 4.98 | 5.08 | 5.18 | 5.29 | 5.39 | 5.49 | 5.6 | 5.7 | 5.8 | 5.91 | 6.01 | 6.11 | 6.21 | 6.32 | 6.42 | 6.52 | 6.63 | 6.73 | 6.83 | 6.94 | 7.04 | 7.14 | 7.25 | 7.35 | 7.45 | 7.56 | 7.66 | 7.76 | 7.87 | 7.97 | 8.07 | 8.18 | 8.28 | 8.38 | 8.49 | 8.59 | 8.69 | 8.8 | 8.9 | 9 | 9.11 | 9.21 | 9.31 | 9.41 | 9.52 | 9.62 | 9.72 | 9.83 | 9.93 | 10.03 | 10.14 | 10.24 | 10.34 | 10.45 | 10.55 | 10.65 | 10.76

Creating basic raster mask...

The following grid cell sizes will be tested:
0.54 | 0.64 | 0.74 | 0.85 | 0.95 | 1.05 | 1.16 | 1.26 | 1.36 | 1.47 | 1.57 | 1.67 | 1.78 | 1.88 | 1.98 | 2.09 | 2.19 | 2.29 | 2.4 | 2.5 | 2.6 | 2.71 | 2.81 | 2.91 | 3.02 | 3.12 | 3.22 | 3.32 | 3.43 | 3.53 | 3.63 | 3.74 | 3.84 | 3.94 | 4.05 | 4.15 | 4.25 | 4.36 | 4.46 | 4.56 | 4.67 | 4.77 | 4.87 | 4.98 | 5.08 | 5.18 | 5.29 | 5.39 | 5.49 | 5.6 | 5.7 | 5.8 | 5.91 | 6.01 | 6.11 | 6.21 | 6.32 | 6.42 | 6.52 | 6.63 | 6.73 | 6.83 | 6.94 | 7.04 | 7.14 | 7.25 | 7.35 | 7.45 | 7.56 | 7.66 | 7.76 | 7.87 | 7.97 | 8.07 | 8.18 | 8.28 | 8.38 | 8.49 | 8.59 | 8.69 | 8.8 | 8.9 | 9 | 9.11 | 9.21 | 9.31 | 9.41 | 9.52 | 9.62 | 9.72 | 9.83 | 9.93 | 10.03 | 10.14 | 10.24 | 10.34 | 10.45 | 10.55 | 10.65 | 10.76

Creating basic raster mask...

The following grid cell sizes will be tested:
0.54 | 0.64 | 0.74 | 0.85 | 0.95 | 1.05 | 1.16 | 1.26 | 1.36 | 1.47 | 1.57 | 1.67 | 1.78 | 1.88 | 1.98 | 2.09 | 2.19 | 2.29 | 2.4 | 2.5 | 2.6 | 2.71 | 2.81 | 2.91 | 3.02 | 3.12 | 3.22 | 3.32 | 3.43 | 3.53 | 3.63 | 3.74 | 3.84 | 3.94 | 4.05 | 4.15 | 4.25 | 4.36 | 4.46 | 4.56 | 4.67 | 4.77 | 4.87 | 4.98 | 5.08 | 5.18 | 5.29 | 5.39 | 5.49 | 5.6 | 5.7 | 5.8 | 5.91 | 6.01 | 6.11 | 6.21 | 6.32 | 6.42 | 6.52 | 6.63 | 6.73 | 6.83 | 6.94 | 7.04 | 7.14 | 7.25 | 7.35 | 7.45 | 7.56 | 7.66 | 7.76 | 7.87 | 7.97 | 8.07 | 8.18 | 8.28 | 8.38 | 8.49 | 8.59 | 8.69 | 8.8 | 8.9 | 9 | 9.11 | 9.21 | 9.31 | 9.41 | 9.52 | 9.62 | 9.72 | 9.83 | 9.93 | 10.03 | 10.14 | 10.24 | 10.34 | 10.45 | 10.55 | 10.65 | 10.76

Creating basic raster mask...

The following grid cell sizes will be tested:
0.54 | 0.64 | 0.74 | 0.85 | 0.95 | 1.05 | 1.16 | 1.26 | 1.36 | 1.47 | 1.57 | 1.67 | 1.78 | 1.88 | 1.98 | 2.09 | 2.19 | 2.29 | 2.4 | 2.5 | 2.6 | 2.71 | 2.81 | 2.91 | 3.02 | 3.12 | 3.22 | 3.32 | 3.43 | 3.53 | 3.63 | 3.74 | 3.84 | 3.94 | 4.05 | 4.15 | 4.25 | 4.36 | 4.46 | 4.56 | 4.67 | 4.77 | 4.87 | 4.98 | 5.08 | 5.18 | 5.29 | 5.39 | 5.49 | 5.6 | 5.7 | 5.8 | 5.91 | 6.01 | 6.11 | 6.21 | 6.32 | 6.42 | 6.52 | 6.63 | 6.73 | 6.83 | 6.94 | 7.04 | 7.14 | 7.25 | 7.35 | 7.45 | 7.56 | 7.66 | 7.76 | 7.87 | 7.97 | 8.07 | 8.18 | 8.28 | 8.38 | 8.49 | 8.59 | 8.69 | 8.8 | 8.9 | 9 | 9.11 | 9.21 | 9.31 | 9.41 | 9.52 | 9.62 | 9.72 | 9.83 | 9.93 | 10.03 | 10.14 | 10.24 | 10.34 | 10.45 | 10.55 | 10.65 | 10.76

Creating basic raster mask...

Searching for the optimal grid size...

Searching for the optimal grid size...

Searching for the optimal grid size...

Searching for the optimal grid size...

Searching for the optimal grid size...

2 has failed. See month directory for more details.
12 has failed. See month directory for more details.
1 has failed. See month directory for more details.
The following grid cell sizes will be tested:
0.54 | 0.64 | 0.74 | 0.85 | 0.95 | 1.05 | 1.16 | 1.26 | 1.36 | 1.47 | 1.57 | 1.67 | 1.78 | 1.88 | 1.98 | 2.09 | 2.19 | 2.29 | 2.4 | 2.5 | 2.6 | 2.71 | 2.81 | 2.91 | 3.02 | 3.12 | 3.22 | 3.32 | 3.43 | 3.53 | 3.63 | 3.74 | 3.84 | 3.94 | 4.05 | 4.15 | 4.25 | 4.36 | 4.46 | 4.56 | 4.67 | 4.77 | 4.87 | 4.98 | 5.08 | 5.18 | 5.29 | 5.39 | 5.49 | 5.6 | 5.7 | 5.8 | 5.91 | 6.01 | 6.11 | 6.21 | 6.32 | 6.42 | 6.52 | 6.63 | 6.73 | 6.83 | 6.94 | 7.04 | 7.14 | 7.25 | 7.35 | 7.45 | 7.56 | 7.66 | 7.76 | 7.87 | 7.97 | 8.07 | 8.18 | 8.28 | 8.38 | 8.49 | 8.59 | 8.69 | 8.8 | 8.9 | 9 | 9.11 | 9.21 | 9.31 | 9.41 | 9.52 | 9.62 | 9.72 | 9.83 | 9.93 | 10.03 | 10.14 | 10.24 | 10.34 | 10.45 | 10.55 | 10.65 | 10.76

Creating basic raster mask...

Joining with `by = join_by(Longitude, Latitude)`
Searching for the optimal grid size...

The following grid cell sizes will be tested:
0.54 | 0.64 | 0.74 | 0.85 | 0.95 | 1.05 | 1.16 | 1.26 | 1.36 | 1.47 | 1.57 | 1.67 | 1.78 | 1.88 | 1.98 | 2.09 | 2.19 | 2.29 | 2.4 | 2.5 | 2.6 | 2.71 | 2.81 | 2.91 | 3.02 | 3.12 | 3.22 | 3.32 | 3.43 | 3.53 | 3.63 | 3.74 | 3.84 | 3.94 | 4.05 | 4.15 | 4.25 | 4.36 | 4.46 | 4.56 | 4.67 | 4.77 | 4.87 | 4.98 | 5.08 | 5.18 | 5.29 | 5.39 | 5.49 | 5.6 | 5.7 | 5.8 | 5.91 | 6.01 | 6.11 | 6.21 | 6.32 | 6.42 | 6.52 | 6.63 | 6.73 | 6.83 | 6.94 | 7.04 | 7.14 | 7.25 | 7.35 | 7.45 | 7.56 | 7.66 | 7.76 | 7.87 | 7.97 | 8.07 | 8.18 | 8.28 | 8.38 | 8.49 | 8.59 | 8.69 | 8.8 | 8.9 | 9 | 9.11 | 9.21 | 9.31 | 9.41 | 9.52 | 9.62 | 9.72 | 9.83 | 9.93 | 10.03 | 10.14 | 10.24 | 10.34 | 10.45 | 10.55 | 10.65 | 10.76

Creating basic raster mask...

Searching for the optimal grid size...

Joining with `by = join_by(Longitude, Latitude)`
Joining with `by = join_by(Longitude, Latitude)`
Joining with `by = join_by(Longitude, Latitude)`
The following grid cell sizes will be tested:
0.54 | 0.64 | 0.74 | 0.85 | 0.95 | 1.05 | 1.16 | 1.26 | 1.36 | 1.47 | 1.57 | 1.67 | 1.78 | 1.88 | 1.98 | 2.09 | 2.19 | 2.29 | 2.4 | 2.5 | 2.6 | 2.71 | 2.81 | 2.91 | 3.02 | 3.12 | 3.22 | 3.32 | 3.43 | 3.53 | 3.63 | 3.74 | 3.84 | 3.94 | 4.05 | 4.15 | 4.25 | 4.36 | 4.46 | 4.56 | 4.67 | 4.77 | 4.87 | 4.98 | 5.08 | 5.18 | 5.29 | 5.39 | 5.49 | 5.6 | 5.7 | 5.8 | 5.91 | 6.01 | 6.11 | 6.21 | 6.32 | 6.42 | 6.52 | 6.63 | 6.73 | 6.83 | 6.94 | 7.04 | 7.14 | 7.25 | 7.35 | 7.45 | 7.56 | 7.66 | 7.76 | 7.87 | 7.97 | 8.07 | 8.18 | 8.28 | 8.38 | 8.49 | 8.59 | 8.69 | 8.8 | 8.9 | 9 | 9.11 | 9.21 | 9.31 | 9.41 | 9.52 | 9.62 | 9.72 | 9.83 | 9.93 | 10.03 | 10.14 | 10.24 | 10.34 | 10.45 | 10.55 | 10.65 | 10.76

Creating basic raster mask...

Searching for the optimal grid size...

The following grid cell sizes will be tested:
0.54 | 0.64 | 0.74 | 0.85 | 0.95 | 1.05 | 1.16 | 1.26 | 1.36 | 1.47 | 1.57 | 1.67 | 1.78 | 1.88 | 1.98 | 2.09 | 2.19 | 2.29 | 2.4 | 2.5 | 2.6 | 2.71 | 2.81 | 2.91 | 3.02 | 3.12 | 3.22 | 3.32 | 3.43 | 3.53 | 3.63 | 3.74 | 3.84 | 3.94 | 4.05 | 4.15 | 4.25 | 4.36 | 4.46 | 4.56 | 4.67 | 4.77 | 4.87 | 4.98 | 5.08 | 5.18 | 5.29 | 5.39 | 5.49 | 5.6 | 5.7 | 5.8 | 5.91 | 6.01 | 6.11 | 6.21 | 6.32 | 6.42 | 6.52 | 6.63 | 6.73 | 6.83 | 6.94 | 7.04 | 7.14 | 7.25 | 7.35 | 7.45 | 7.56 | 7.66 | 7.76 | 7.87 | 7.97 | 8.07 | 8.18 | 8.28 | 8.38 | 8.49 | 8.59 | 8.69 | 8.8 | 8.9 | 9 | 9.11 | 9.21 | 9.31 | 9.41 | 9.52 | 9.62 | 9.72 | 9.83 | 9.93 | 10.03 | 10.14 | 10.24 | 10.34 | 10.45 | 10.55 | 10.65 | 10.76

Creating basic raster mask...

Searching for the optimal grid size...

The following grid cell sizes will be tested:
0.54 | 0.64 | 0.74 | 0.85 | 0.95 | 1.05 | 1.16 | 1.26 | 1.36 | 1.47 | 1.57 | 1.67 | 1.78 | 1.88 | 1.98 | 2.09 | 2.19 | 2.29 | 2.4 | 2.5 | 2.6 | 2.71 | 2.81 | 2.91 | 3.02 | 3.12 | 3.22 | 3.32 | 3.43 | 3.53 | 3.63 | 3.74 | 3.84 | 3.94 | 4.05 | 4.15 | 4.25 | 4.36 | 4.46 | 4.56 | 4.67 | 4.77 | 4.87 | 4.98 | 5.08 | 5.18 | 5.29 | 5.39 | 5.49 | 5.6 | 5.7 | 5.8 | 5.91 | 6.01 | 6.11 | 6.21 | 6.32 | 6.42 | 6.52 | 6.63 | 6.73 | 6.83 | 6.94 | 7.04 | 7.14 | 7.25 | 7.35 | 7.45 | 7.56 | 7.66 | 7.76 | 7.87 | 7.97 | 8.07 | 8.18 | 8.28 | 8.38 | 8.49 | 8.59 | 8.69 | 8.8 | 8.9 | 9 | 9.11 | 9.21 | 9.31 | 9.41 | 9.52 | 9.62 | 9.72 | 9.83 | 9.93 | 10.03 | 10.14 | 10.24 | 10.34 | 10.45 | 10.55 | 10.65 | 10.76

Creating basic raster mask...

Searching for the optimal grid size...

Joining with `by = join_by(Longitude, Latitude)`
The following grid cell sizes will be tested:
0.54 | 0.64 | 0.74 | 0.85 | 0.95 | 1.05 | 1.16 | 1.26 | 1.36 | 1.47 | 1.57 | 1.67 | 1.78 | 1.88 | 1.98 | 2.09 | 2.19 | 2.29 | 2.4 | 2.5 | 2.6 | 2.71 | 2.81 | 2.91 | 3.02 | 3.12 | 3.22 | 3.32 | 3.43 | 3.53 | 3.63 | 3.74 | 3.84 | 3.94 | 4.05 | 4.15 | 4.25 | 4.36 | 4.46 | 4.56 | 4.67 | 4.77 | 4.87 | 4.98 | 5.08 | 5.18 | 5.29 | 5.39 | 5.49 | 5.6 | 5.7 | 5.8 | 5.91 | 6.01 | 6.11 | 6.21 | 6.32 | 6.42 | 6.52 | 6.63 | 6.73 | 6.83 | 6.94 | 7.04 | 7.14 | 7.25 | 7.35 | 7.45 | 7.56 | 7.66 | 7.76 | 7.87 | 7.97 | 8.07 | 8.18 | 8.28 | 8.38 | 8.49 | 8.59 | 8.69 | 8.8 | 8.9 | 9 | 9.11 | 9.21 | 9.31 | 9.41 | 9.52 | 9.62 | 9.72 | 9.83 | 9.93 | 10.03 | 10.14 | 10.24 | 10.34 | 10.45 | 10.55 | 10.65 | 10.76

Creating basic raster mask...

Searching for the optimal grid size...

The following grid cell sizes will be tested:
0.54 | 0.64 | 0.74 | 0.85 | 0.95 | 1.05 | 1.16 | 1.26 | 1.36 | 1.47 | 1.57 | 1.67 | 1.78 | 1.88 | 1.98 | 2.09 | 2.19 | 2.29 | 2.4 | 2.5 | 2.6 | 2.71 | 2.81 | 2.91 | 3.02 | 3.12 | 3.22 | 3.32 | 3.43 | 3.53 | 3.63 | 3.74 | 3.84 | 3.94 | 4.05 | 4.15 | 4.25 | 4.36 | 4.46 | 4.56 | 4.67 | 4.77 | 4.87 | 4.98 | 5.08 | 5.18 | 5.29 | 5.39 | 5.49 | 5.6 | 5.7 | 5.8 | 5.91 | 6.01 | 6.11 | 6.21 | 6.32 | 6.42 | 6.52 | 6.63 | 6.73 | 6.83 | 6.94 | 7.04 | 7.14 | 7.25 | 7.35 | 7.45 | 7.56 | 7.66 | 7.76 | 7.87 | 7.97 | 8.07 | 8.18 | 8.28 | 8.38 | 8.49 | 8.59 | 8.69 | 8.8 | 8.9 | 9 | 9.11 | 9.21 | 9.31 | 9.41 | 9.52 | 9.62 | 9.72 | 9.83 | 9.93 | 10.03 | 10.14 | 10.24 | 10.34 | 10.45 | 10.55 | 10.65 | 10.76

Creating basic raster mask...

Searching for the optimal grid size...

Joining with `by = join_by(Longitude, Latitude)`
Joining with `by = join_by(Longitude, Latitude)`
3 has finished.
3: -13.7473538120588
4 has finished.
4: -16.1828009843826
Joining with `by = join_by(Longitude, Latitude)`
Joining with `by = join_by(Longitude, Latitude)`
11 has finished.
11: -20.8737843155861
5 has finished.
5: -21.9629184484482
6 has finished.
6: -34.336144888401
7 has finished.
7: -42.4709358493487
10 has finished.
10: -45.1080033739408
8 has finished.
8: -57.3600604772568
9 has finished.
9: -59.4076866269112
Error in { : task 1 failed - "missing value where TRUE/FALSE needed"
Calls: %dopar% -> <Anonymous>
Execution halted
